Cleanup finished at Thu Mar 26 15:15:01 UTC 2026
---------------------------------------
Cleanup started at Thu Mar 26 15:30:01 UTC 2026
Cleanup finished at Thu Mar 26 15:30:01 UTC 2026
---------------------------------------
Cleanup started at Thu Mar 26 15:45:01 UTC 2026
Cleanup finished at Thu Mar 26 15:45:01 UTC 2026
---------------------------------------
Cleanup started at Thu Mar 26 16:00:01 UTC 2026
Cleanup finished at Thu Mar 26 16:00:01 UTC 2026
---------------------------------------
Cleanup started at Thu Mar 26 16:15:01 UTC 2026
Cleanup finished at Thu Mar 26 16:15:01 UTC 2026
---------------------------------------
Cleanup started at Thu Mar 26 16:30:02 UTC 2026
Cleanup finished at Thu Mar 26 16:30:02 UTC 2026
---------------------------------------
Cleanup started at Thu Mar 26 16:45:01 UTC 2026
Cleanup finished at Thu Mar 26 16:45:01 UTC 2026
---------------------------------------
Cleanup started at Thu Mar 26 17:00:01 UTC 2026
Cleanup finished at Thu Mar 26 17:00:01 UTC 2026
---------------------------------------
Cleanup started at Thu Mar 26 17:15:01 UTC 2026
Cleanup finished at Thu Mar 26 17:15:01 UTC 2026
---------------------------------------
Cleanup started at Thu Mar 26 17:30:01 UTC 2026
Cleanup finished at Thu Mar 26 17:30:01 UTC 2026
---------------------------------------
Cleanup started at Thu Mar 26 17:45:01 UTC 2026
Cleanup finished at Thu Mar 26 17:45:01 UTC 2026
---------------------------------------
Cleanup started at Thu Mar 26 18:00:01 UTC 2026
Cleanup finished at Thu Mar 26 18:00:01 UTC 2026
---------------------------------------
Cleanup started at Thu Mar 26 18:15:01 UTC 2026
Cleanup finished at Thu Mar 26 18:15:01 UTC 2026
---------------------------------------
Cleanup started at Thu Mar 26 18:30:01 UTC 2026
Cleanup finished at Thu Mar 26 18:30:01 UTC 2026
---------------------------------------
Cleanup started at Thu Mar 26 18:45:01 UTC 2026
Cleanup finished at Thu Mar 26 18:45:01 UTC 2026
---------------------------------------
Cleanup started at Thu Mar 26 19:00:01 UTC 2026
Cleanup finished at Thu Mar 26 19:00:01 UTC 2026
---------------------------------------
Cleanup started at Thu Mar 26 19:15:01 UTC 2026
Cleanup finished at Thu Mar 26 19:15:01 UTC 2026
---------------------------------------
Cleanup started at Thu Mar 26 19:30:01 UTC 2026
Cleanup finished at Thu Mar 26 19:30:01 UTC 2026
---------------------------------------
Cleanup started at Thu Mar 26 19:45:01 UTC 2026
Cleanup finished at Thu Mar 26 19:45:01 UTC 2026
---------------------------------------
Cleanup started at Thu Mar 26 20:00:01 UTC 2026
Cleanup finished at Thu Mar 26 20:00:01 UTC 2026
---------------------------------------
Cleanup started at Thu Mar 26 20:15:01 UTC 2026
Cleanup finished at Thu Mar 26 20:15:01 UTC 2026
---------------------------------------
Cleanup started at Thu Mar 26 20:30:01 UTC 2026
Cleanup finished at Thu Mar 26 20:30:01 UTC 2026
---------------------------------------
Cleanup started at Thu Mar 26 20:45:01 UTC 2026
Cleanup finished at Thu Mar 26 20:45:01 UTC 2026
---------------------------------------
Cleanup started at Thu Mar 26 21:00:01 UTC 2026
Cleanup finished at Thu Mar 26 21:00:01 UTC 2026
---------------------------------------
Cleanup started at Thu Mar 26 21:15:01 UTC 2026
Cleanup finished at Thu Mar 26 21:15:01 UTC 2026
---------------------------------------
Cleanup started at Thu Mar 26 21:30:01 UTC 2026
Cleanup finished at Thu Mar 26 21:30:01 UTC 2026
---------------------------------------
Cleanup started at Thu Mar 26 21:45:01 UTC 2026
Cleanup finished at Thu Mar 26 21:45:01 UTC 2026
---------------------------------------
Cleanup started at Thu Mar 26 22:00:01 UTC 2026
Cleanup finished at Thu Mar 26 22:00:01 UTC 2026
---------------------------------------
Cleanup started at Thu Mar 26 22:15:01 UTC 2026
Cleanup finished at Thu Mar 26 22:15:01 UTC 2026
---------------------------------------
Cleanup started at Thu Mar 26 22:30:01 UTC 2026
Cleanup finished at Thu Mar 26 22:30:01 UTC 2026
---------------------------------------
Cleanup started at Thu Mar 26 22:45:01 UTC 2026
Cleanup finished at Thu Mar 26 22:45:01 UTC 2026
---------------------------------------
Cleanup started at Thu Mar 26 23:00:01 UTC 2026
Cleanup finished at Thu Mar 26 23:00:01 UTC 2026
---------------------------------------
Cleanup started at Thu Mar 26 23:15:01 UTC 2026
Cleanup finished at Thu Mar 26 23:15:01 UTC 2026
---------------------------------------
Cleanup started at Thu Mar 26 23:30:01 UTC 2026
Cleanup finished at Thu Mar 26 23:30:01 UTC 2026
---------------------------------------
Cleanup started at Thu Mar 26 23:45:01 UTC 2026
Cleanup finished at Thu Mar 26 23:45:01 UTC 2026
---------------------------------------
Cleanup started at Fri Mar 27 00:00:01 UTC 2026
Cleanup finished at Fri Mar 27 00:00:01 UTC 2026
---------------------------------------
Cleanup started at Fri Mar 27 00:15:01 UTC 2026
Cleanup finished at Fri Mar 27 00:15:01 UTC 2026
---------------------------------------
Cleanup started at Fri Mar 27 00:30:01 UTC 2026
Cleanup finished at Fri Mar 27 00:30:01 UTC 2026
---------------------------------------
Cleanup started at Fri Mar 27 00:45:01 UTC 2026
Cleanup finished at Fri Mar 27 00:45:01 UTC 2026
---------------------------------------
Cleanup started at Fri Mar 27 01:00:01 UTC 2026
Cleanup finished at Fri Mar 27 01:00:01 UTC 2026
---------------------------------------
Cleanup started at Fri Mar 27 01:15:01 UTC 2026
Cleanup finished at Fri Mar 27 01:15:01 UTC 2026
---------------------------------------
Cleanup started at Fri Mar 27 01:30:01 UTC 2026
Cleanup finished at Fri Mar 27 01:30:01 UTC 2026
---------------------------------------
Cleanup started at Fri Mar 27 01:45:01 UTC 2026
Cleanup finished at Fri Mar 27 01:45:01 UTC 2026
---------------------------------------
Cleanup started at Fri Mar 27 02:00:01 UTC 2026
Cleanup finished at Fri Mar 27 02:00:01 UTC 2026
---------------------------------------
Cleanup started at Fri Mar 27 02:15:01 UTC 2026
Cleanup finished at Fri Mar 27 02:15:01 UTC 2026
---------------------------------------
Cleanup started at Fri Mar 27 02:30:01 UTC 2026
Cleanup finished at Fri Mar 27 02:30:01 UTC 2026
---------------------------------------
Cleanup started at Fri Mar 27 02:45:01 UTC 2026
Cleanup finished at Fri Mar 27 02:45:01 UTC 2026
---------------------------------------
Cleanup started at Fri Mar 27 03:00:01 UTC 2026
Cleanup finished at Fri Mar 27 03:00:01 UTC 2026
---------------------------------------
Cleanup started at Fri Mar 27 03:15:01 UTC 2026
Cleanup finished at Fri Mar 27 03:15:01 UTC 2026
---------------------------------------
Cleanup started at Fri Mar 27 03:30:01 UTC 2026
Cleanup finished at Fri Mar 27 03:30:01 UTC 2026
---------------------------------------
Cleanup started at Fri Mar 27 03:45:01 UTC 2026
Cleanup finished at Fri Mar 27 03:45:01 UTC 2026
---------------------------------------
Cleanup started at Fri Mar 27 04:00:01 UTC 2026
Cleanup finished at Fri Mar 27 04:00:01 UTC 2026
---------------------------------------
Cleanup started at Fri Mar 27 04:15:01 UTC 2026
Cleanup finished at Fri Mar 27 04:15:01 UTC 2026
---------------------------------------
Cleanup started at Fri Mar 27 04:30:01 UTC 2026
Cleanup finished at Fri Mar 27 04:30:01 UTC 2026
---------------------------------------
Cleanup started at Fri Mar 27 04:45:01 UTC 2026
Cleanup finished at Fri Mar 27 04:45:01 UTC 2026
---------------------------------------
Cleanup started at Fri Mar 27 05:00:01 UTC 2026
Cleanup finished at Fri Mar 27 05:00:01 UTC 2026
---------------------------------------
Cleanup started at Fri Mar 27 05:15:01 UTC 2026
Cleanup finished at Fri Mar 27 05:15:01 UTC 2026
---------------------------------------
Cleanup started at Fri Mar 27 05:30:01 UTC 2026
Cleanup finished at Fri Mar 27 05:30:01 UTC 2026
---------------------------------------
Cleanup started at Fri Mar 27 05:45:01 UTC 2026
Cleanup finished at Fri Mar 27 05:45:01 UTC 2026
---------------------------------------
Cleanup started at Fri Mar 27 06:00:01 UTC 2026
Cleanup finished at Fri Mar 27 06:00:01 UTC 2026
---------------------------------------
Cleanup started at Fri Mar 27 06:15:01 UTC 2026
Cleanup finished at Fri Mar 27 06:15:01 UTC 2026
---------------------------------------
Cleanup started at Fri Mar 27 06:30:02 UTC 2026
Cleanup finished at Fri Mar 27 06:30:02 UTC 2026
---------------------------------------
Cleanup started at Fri Mar 27 06:45:01 UTC 2026
Cleanup finished at Fri Mar 27 06:45:01 UTC 2026
---------------------------------------
Cleanup started at Fri Mar 27 07:00:01 UTC 2026
Cleanup finished at Fri Mar 27 07:00:01 UTC 2026
---------------------------------------
Cleanup started at Fri Mar 27 07:15:01 UTC 2026
Cleanup finished at Fri Mar 27 07:15:01 UTC 2026
---------------------------------------
Cleanup started at Fri Mar 27 07:30:01 UTC 2026
Cleanup finished at Fri Mar 27 07:30:01 UTC 2026
---------------------------------------
Cleanup started at Fri Mar 27 07:45:01 UTC 2026
Cleanup finished at Fri Mar 27 07:45:01 UTC 2026
---------------------------------------
Cleanup started at Fri Mar 27 08:00:01 UTC 2026
Cleanup finished at Fri Mar 27 08:00:01 UTC 2026
---------------------------------------
Cleanup started at Fri Mar 27 08:15:01 UTC 2026
Cleanup finished at Fri Mar 27 08:15:01 UTC 2026
---------------------------------------
Cleanup started at Fri Mar 27 08:30:01 UTC 2026
Cleanup finished at Fri Mar 27 08:30:01 UTC 2026
---------------------------------------
Cleanup started at Fri Mar 27 08:45:01 UTC 2026
Cleanup finished at Fri Mar 27 08:45:01 UTC 2026
---------------------------------------
Cleanup started at Fri Mar 27 09:00:01 UTC 2026
Cleanup finished at Fri Mar 27 09:00:01 UTC 2026
---------------------------------------
Cleanup started at Fri Mar 27 09:15:02 UTC 2026
Cleanup finished at Fri Mar 27 09:15:02 UTC 2026
---------------------------------------
Cleanup started at Fri Mar 27 09:30:01 UTC 2026
Cleanup finished at Fri Mar 27 09:30:01 UTC 2026
---------------------------------------
Cleanup started at Fri Mar 27 09:45:01 UTC 2026
Cleanup finished at Fri Mar 27 09:45:01 UTC 2026
---------------------------------------
Cleanup started at Fri Mar 27 10:00:01 UTC 2026
Cleanup finished at Fri Mar 27 10:00:01 UTC 2026
---------------------------------------
Cleanup started at Fri Mar 27 10:15:01 UTC 2026
Cleanup finished at Fri Mar 27 10:15:01 UTC 2026
---------------------------------------
Cleanup started at Fri Mar 27 10:30:01 UTC 2026
Cleanup finished at Fri Mar 27 10:30:01 UTC 2026
---------------------------------------
Cleanup started at Fri Mar 27 10:45:01 UTC 2026
Cleanup finished at Fri Mar 27 10:45:01 UTC 2026
---------------------------------------
Cleanup started at Fri Mar 27 11:00:01 UTC 2026
Cleanup finished at Fri Mar 27 11:00:01 UTC 2026
---------------------------------------
Cleanup started at Fri Mar 27 11:15:01 UTC 2026
Cleanup finished at Fri Mar 27 11:15:01 UTC 2026
---------------------------------------
Cleanup started at Fri Mar 27 11:30:01 UTC 2026
Cleanup finished at Fri Mar 27 11:30:01 UTC 2026
---------------------------------------
Cleanup started at Fri Mar 27 11:45:01 UTC 2026
Cleanup finished at Fri Mar 27 11:45:01 UTC 2026
---------------------------------------
Cleanup started at Fri Mar 27 12:00:01 UTC 2026
Cleanup finished at Fri Mar 27 12:00:01 UTC 2026
---------------------------------------
Cleanup started at Fri Mar 27 12:15:01 UTC 2026
Cleanup finished at Fri Mar 27 12:15:01 UTC 2026
---------------------------------------
Cleanup started at Fri Mar 27 12:30:01 UTC 2026
Cleanup finished at Fri Mar 27 12:30:01 UTC 2026
---------------------------------------
Cleanup started at Fri Mar 27 12:45:01 UTC 2026
Cleanup finished at Fri Mar 27 12:45:01 UTC 2026
---------------------------------------
Cleanup started at Fri Mar 27 13:00:01 UTC 2026
Cleanup finished at Fri Mar 27 13:00:01 UTC 2026
---------------------------------------
Cleanup started at Fri Mar 27 13:15:01 UTC 2026
Cleanup finished at Fri Mar 27 13:15:01 UTC 2026
---------------------------------------
Cleanup started at Fri Mar 27 13:30:01 UTC 2026
Cleanup finished at Fri Mar 27 13:30:01 UTC 2026
---------------------------------------
Cleanup started at Fri Mar 27 13:45:01 UTC 2026
Cleanup finished at Fri Mar 27 13:45:01 UTC 2026
---------------------------------------
Cleanup started at Fri Mar 27 14:00:01 UTC 2026
Cleanup finished at Fri Mar 27 14:00:01 UTC 2026
---------------------------------------
Cleanup started at Fri Mar 27 14:15:01 UTC 2026
Cleanup finished at Fri Mar 27 14:15:01 UTC 2026
---------------------------------------
Cleanup started at Fri Mar 27 14:30:01 UTC 2026
Cleanup finished at Fri Mar 27 14:30:01 UTC 2026
---------------------------------------
Cleanup started at Fri Mar 27 14:45:01 UTC 2026
Cleanup finished at Fri Mar 27 14:45:01 UTC 2026
---------------------------------------
Cleanup started at Fri Mar 27 15:00:01 UTC 2026
Cleanup finished at Fri Mar 27 15:00:01 UTC 2026
---------------------------------------
Cleanup started at Fri Mar 27 15:15:01 UTC 2026
Cleanup finished at Fri Mar 27 15:15:01 UTC 2026
---------------------------------------
Cleanup started at Fri Mar 27 15:30:01 UTC 2026
Cleanup finished at Fri Mar 27 15:30:01 UTC 2026
---------------------------------------
Cleanup started at Fri Mar 27 15:45:01 UTC 2026
Cleanup finished at Fri Mar 27 15:45:01 UTC 2026
---------------------------------------
Cleanup started at Fri Mar 27 16:00:01 UTC 2026
Cleanup finished at Fri Mar 27 16:00:01 UTC 2026
---------------------------------------
Cleanup started at Fri Mar 27 16:15:01 UTC 2026
Cleanup finished at Fri Mar 27 16:15:01 UTC 2026
---------------------------------------
Cleanup started at Fri Mar 27 16:30:01 UTC 2026
Cleanup finished at Fri Mar 27 16:30:02 UTC 2026
---------------------------------------
Cleanup started at Fri Mar 27 16:45:01 UTC 2026
Cleanup finished at Fri Mar 27 16:45:01 UTC 2026
---------------------------------------
Cleanup started at Fri Mar 27 17:00:01 UTC 2026
Cleanup finished at Fri Mar 27 17:00:01 UTC 2026
---------------------------------------
Cleanup started at Fri Mar 27 17:15:01 UTC 2026
Cleanup finished at Fri Mar 27 17:15:01 UTC 2026
---------------------------------------
Cleanup started at Fri Mar 27 17:30:01 UTC 2026
Cleanup finished at Fri Mar 27 17:30:01 UTC 2026
---------------------------------------
Cleanup started at Fri Mar 27 17:45:01 UTC 2026
Cleanup finished at Fri Mar 27 17:45:01 UTC 2026
---------------------------------------
Cleanup started at Fri Mar 27 18:00:01 UTC 2026
Cleanup finished at Fri Mar 27 18:00:01 UTC 2026
---------------------------------------
Cleanup started at Fri Mar 27 18:15:01 UTC 2026
Cleanup finished at Fri Mar 27 18:15:01 UTC 2026
---------------------------------------
Cleanup started at Fri Mar 27 18:30:01 UTC 2026
Cleanup finished at Fri Mar 27 18:30:01 UTC 2026
---------------------------------------
Cleanup started at Fri Mar 27 18:45:01 UTC 2026
Cleanup finished at Fri Mar 27 18:45:01 UTC 2026
---------------------------------------
Cleanup started at Fri Mar 27 19:00:01 UTC 2026
Cleanup finished at Fri Mar 27 19:00:01 UTC 2026
---------------------------------------
Cleanup started at Fri Mar 27 19:15:01 UTC 2026
Cleanup finished at Fri Mar 27 19:15:01 UTC 2026
---------------------------------------
Cleanup started at Fri Mar 27 19:30:01 UTC 2026
Cleanup finished at Fri Mar 27 19:30:01 UTC 2026
---------------------------------------
Cleanup started at Fri Mar 27 19:45:01 UTC 2026
Cleanup finished at Fri Mar 27 19:45:01 UTC 2026
---------------------------------------
Cleanup started at Fri Mar 27 20:00:01 UTC 2026
Cleanup finished at Fri Mar 27 20:00:01 UTC 2026
---------------------------------------
Cleanup started at Fri Mar 27 20:15:01 UTC 2026
Cleanup finished at Fri Mar 27 20:15:01 UTC 2026
---------------------------------------
Cleanup started at Fri Mar 27 20:30:01 UTC 2026
Cleanup finished at Fri Mar 27 20:30:01 UTC 2026
---------------------------------------
Cleanup started at Fri Mar 27 20:45:01 UTC 2026
Cleanup finished at Fri Mar 27 20:45:01 UTC 2026
---------------------------------------
Cleanup started at Fri Mar 27 21:00:01 UTC 2026
Cleanup finished at Fri Mar 27 21:00:01 UTC 2026
---------------------------------------
Cleanup started at Fri Mar 27 21:15:01 UTC 2026
Cleanup finished at Fri Mar 27 21:15:01 UTC 2026
---------------------------------------
Cleanup started at Fri Mar 27 21:30:01 UTC 2026
Cleanup finished at Fri Mar 27 21:30:01 UTC 2026
---------------------------------------
Cleanup started at Fri Mar 27 21:45:01 UTC 2026
Cleanup finished at Fri Mar 27 21:45:01 UTC 2026
---------------------------------------
Cleanup started at Fri Mar 27 22:00:01 UTC 2026
Cleanup finished at Fri Mar 27 22:00:01 UTC 2026
---------------------------------------
Cleanup started at Fri Mar 27 22:15:01 UTC 2026
Cleanup finished at Fri Mar 27 22:15:01 UTC 2026
---------------------------------------
Cleanup started at Fri Mar 27 22:30:01 UTC 2026
Cleanup finished at Fri Mar 27 22:30:01 UTC 2026
---------------------------------------
Cleanup started at Fri Mar 27 22:45:01 UTC 2026
Cleanup finished at Fri Mar 27 22:45:01 UTC 2026
---------------------------------------
Cleanup started at Fri Mar 27 23:00:01 UTC 2026
Cleanup finished at Fri Mar 27 23:00:01 UTC 2026
---------------------------------------
Cleanup started at Fri Mar 27 23:15:02 UTC 2026
Cleanup finished at Fri Mar 27 23:15:02 UTC 2026
---------------------------------------
Cleanup started at Fri Mar 27 23:30:01 UTC 2026
Cleanup finished at Fri Mar 27 23:30:01 UTC 2026
---------------------------------------
Cleanup started at Fri Mar 27 23:45:01 UTC 2026
Cleanup finished at Fri Mar 27 23:45:01 UTC 2026
---------------------------------------
Cleanup started at Sat Mar 28 00:00:01 UTC 2026
Cleanup finished at Sat Mar 28 00:00:01 UTC 2026
---------------------------------------
Cleanup started at Sat Mar 28 00:15:01 UTC 2026
Cleanup finished at Sat Mar 28 00:15:01 UTC 2026
---------------------------------------
Cleanup started at Sat Mar 28 00:30:01 UTC 2026
Cleanup finished at Sat Mar 28 00:30:01 UTC 2026
---------------------------------------
Cleanup started at Sat Mar 28 00:45:01 UTC 2026
Cleanup finished at Sat Mar 28 00:45:01 UTC 2026
---------------------------------------
Cleanup started at Sat Mar 28 01:00:01 UTC 2026
Cleanup finished at Sat Mar 28 01:00:01 UTC 2026
---------------------------------------
Cleanup started at Sat Mar 28 01:15:01 UTC 2026
Cleanup finished at Sat Mar 28 01:15:01 UTC 2026
---------------------------------------
Cleanup started at Sat Mar 28 01:30:01 UTC 2026
Cleanup finished at Sat Mar 28 01:30:01 UTC 2026
---------------------------------------
Cleanup started at Sat Mar 28 01:45:01 UTC 2026
Cleanup finished at Sat Mar 28 01:45:01 UTC 2026
---------------------------------------
Cleanup started at Sat Mar 28 02:00:01 UTC 2026
Cleanup finished at Sat Mar 28 02:00:01 UTC 2026
---------------------------------------
Cleanup started at Sat Mar 28 02:15:01 UTC 2026
Cleanup finished at Sat Mar 28 02:15:01 UTC 2026
---------------------------------------
Cleanup started at Sat Mar 28 02:30:01 UTC 2026
Cleanup finished at Sat Mar 28 02:30:01 UTC 2026
---------------------------------------
Cleanup started at Sat Mar 28 02:45:01 UTC 2026
Cleanup finished at Sat Mar 28 02:45:01 UTC 2026
---------------------------------------
Cleanup started at Sat Mar 28 03:00:01 UTC 2026
Cleanup finished at Sat Mar 28 03:00:01 UTC 2026
---------------------------------------
Cleanup started at Sat Mar 28 03:15:01 UTC 2026
Cleanup finished at Sat Mar 28 03:15:01 UTC 2026
---------------------------------------
Cleanup started at Sat Mar 28 03:30:01 UTC 2026
Cleanup finished at Sat Mar 28 03:30:01 UTC 2026
---------------------------------------
Cleanup started at Sat Mar 28 03:45:01 UTC 2026
Cleanup finished at Sat Mar 28 03:45:01 UTC 2026
---------------------------------------
Cleanup started at Sat Mar 28 04:00:01 UTC 2026
Cleanup finished at Sat Mar 28 04:00:01 UTC 2026
---------------------------------------
Cleanup started at Sat Mar 28 04:15:01 UTC 2026
Cleanup finished at Sat Mar 28 04:15:01 UTC 2026
---------------------------------------
Cleanup started at Sat Mar 28 04:30:01 UTC 2026
Cleanup finished at Sat Mar 28 04:30:01 UTC 2026
---------------------------------------
Cleanup started at Sat Mar 28 04:45:01 UTC 2026
Cleanup finished at Sat Mar 28 04:45:01 UTC 2026
---------------------------------------
Cleanup started at Sat Mar 28 05:00:01 UTC 2026
Cleanup finished at Sat Mar 28 05:00:01 UTC 2026
---------------------------------------
Cleanup started at Sat Mar 28 05:15:01 UTC 2026
Cleanup finished at Sat Mar 28 05:15:01 UTC 2026
---------------------------------------
Cleanup started at Sat Mar 28 05:30:01 UTC 2026
Cleanup finished at Sat Mar 28 05:30:01 UTC 2026
---------------------------------------
Cleanup started at Sat Mar 28 05:45:01 UTC 2026
Cleanup finished at Sat Mar 28 05:45:01 UTC 2026
---------------------------------------
Cleanup started at Sat Mar 28 06:00:01 UTC 2026
Cleanup finished at Sat Mar 28 06:00:01 UTC 2026
---------------------------------------
Cleanup started at Sat Mar 28 06:15:02 UTC 2026
Cleanup finished at Sat Mar 28 06:15:02 UTC 2026
---------------------------------------
Cleanup started at Sat Mar 28 06:30:01 UTC 2026
Cleanup finished at Sat Mar 28 06:30:01 UTC 2026
---------------------------------------
Cleanup started at Sat Mar 28 06:45:01 UTC 2026
Cleanup finished at Sat Mar 28 06:45:01 UTC 2026
---------------------------------------
Cleanup started at Sat Mar 28 07:00:01 UTC 2026
Cleanup finished at Sat Mar 28 07:00:01 UTC 2026
---------------------------------------
Cleanup started at Sat Mar 28 07:15:01 UTC 2026
Cleanup finished at Sat Mar 28 07:15:01 UTC 2026
---------------------------------------
Cleanup started at Sat Mar 28 07:30:01 UTC 2026
Cleanup finished at Sat Mar 28 07:30:01 UTC 2026
---------------------------------------
Cleanup started at Sat Mar 28 07:45:01 UTC 2026
Cleanup finished at Sat Mar 28 07:45:01 UTC 2026
---------------------------------------
Cleanup started at Sat Mar 28 08:00:01 UTC 2026
Cleanup finished at Sat Mar 28 08:00:01 UTC 2026
---------------------------------------
Cleanup started at Sat Mar 28 08:15:01 UTC 2026
Cleanup finished at Sat Mar 28 08:15:01 UTC 2026
---------------------------------------
Cleanup started at Sat Mar 28 08:30:01 UTC 2026
Cleanup finished at Sat Mar 28 08:30:01 UTC 2026
---------------------------------------
Cleanup started at Sat Mar 28 08:45:01 UTC 2026
Cleanup finished at Sat Mar 28 08:45:01 UTC 2026
---------------------------------------
Cleanup started at Sat Mar 28 09:00:01 UTC 2026
Cleanup finished at Sat Mar 28 09:00:01 UTC 2026
---------------------------------------
